[2025-04-07T05:43:37.762Z] ===== Vault コントラクトメッセージテスト =====
[2025-04-07T05:43:56.058Z] Vaultコントラクトアドレス: EQBBAv347Sm1DPWXoQzAwpXGXq_DfApE0Zs1kOiJTbBGh5B7
[2025-04-07T05:43:56.059Z] 送信元ウォレットアドレス: EQAwUvvYnPpImBfrKl3-KRYh05aNrUKTGgcarTB_yzhAt1eh
[2025-04-07T05:43:58.393Z] 
コントラクトの重み付け情報に基づいて自動計算します。
[2025-04-07T05:43:58.394Z] 送金総額: 1 TON
[2025-04-07T05:43:59.557Z] 
===== デポジットメッセージ送信 =====
[2025-04-07T05:43:59.557Z] 
===== バスケット情報取得 =====
[2025-04-07T05:43:59.924Z] Vaultコントラクト状態: 実行中
[2025-04-07T05:43:59.924Z] DeDust TON Vaultアドレス: EQDa4VOnTYlLvDJ0gZjNYm5PXfSmmtL6Vs6A_CZEtXCNICq_
[2025-04-07T05:43:59.925Z] バスケット数: 3
[2025-04-07T05:43:59.925Z] 
バスケット 1 の情報:
[2025-04-07T05:43:59.925Z] 重み付け: 328092149
[2025-04-07T05:43:59.925Z] JettonWalletアドレス: EQApqkZN37PsZKXh9SgxJ1TyBlWlEIOkJvs2NUH-l-qv4j_B
[2025-04-07T05:43:59.925Z] DeDustプールアドレス: EQCHFiQM_TTSIiKhUCmWSN4aPSTqxJ4VSBEyDFaZ4izyq95Y
[2025-04-07T05:43:59.925Z] DeDust Jetton Vaultアドレス: EQAYqo4u7VF0fa4DPAebk4g9lBytj2VFny7pzXR0trjtXQaO
[2025-04-07T05:43:59.925Z] Jetton Masterアドレス: EQDNhy-nxYFgUqzfUzImBEP67JqsyMIcyk2S5_RwNNEYku0k
[2025-04-07T05:43:59.925Z] 
バスケット 2 の情報:
[2025-04-07T05:43:59.925Z] 重み付け: 324698616
[2025-04-07T05:43:59.926Z] JettonWalletアドレス: EQCGbbejHKBLx2L9f-BLkD8zxzU_vpWvp8n8Mw1GOF9s-c4z
[2025-04-07T05:43:59.926Z] DeDustプールアドレス: EQBWsAdyAg-8fs3G-m-eUBCXZuVaOldF5-tCMJBJzxQG7nLX
[2025-04-07T05:43:59.926Z] DeDust Jetton Vaultアドレス: EQCRjILmJD0ZD7y6POFyicCx20PoypkEwHJ64AMJ7vwkXGjm
[2025-04-07T05:43:59.926Z] Jetton Masterアドレス: EQDPdq8xjAhytYqfGSX8KcFWIReCufsB9Wdg0pLlYSO_h76w
[2025-04-07T05:43:59.926Z] 
バスケット 3 の情報:
[2025-04-07T05:43:59.926Z] 重み付け: 347209234
[2025-04-07T05:43:59.926Z] JettonWalletアドレス: EQAJBtS-N7WkQRfHytcOQiY0sj1DuYFgKR036_ViBWTrEB4j
[2025-04-07T05:43:59.926Z] DeDustプールアドレス: EQCfYrAZUFLwFhUHWvU63PS0FBIh5CePWEho6T2TDgoGok50
[2025-04-07T05:43:59.926Z] DeDust Jetton Vaultアドレス: EQBCbc0Yh06L98xloaIZvroIiZgA6pllMI0SBz3FsX69ATl3
[2025-04-07T05:43:59.927Z] Jetton Masterアドレス: EQAfF5j3JMIpZlLmACv7Ub7RH7WmiVMuV4ivcgNYHvNnqHTz
[2025-04-07T05:43:59.927Z] 
計算に使用するバスケット情報:
[2025-04-07T05:43:59.927Z] バスケット 1: 重み=328092149, 価格=10000000000, 小数点=9
[2025-04-07T05:43:59.927Z] バスケット 2: 重み=324698616, 価格=10000000000, 小数点=9
[2025-04-07T05:43:59.927Z] バスケット 3: 重み=347209234, 価格=10000000000, 小数点=9
[2025-04-07T05:43:59.927Z] 
重み付けに基づく自動計算結果:
[2025-04-07T05:43:59.927Z] INPUT: 3個のバスケットデポジット
[2025-04-07T05:43:59.927Z] - 操作: deposit
[2025-04-07T05:43:59.927Z] - 操作コード: 982481938 (0x3a8f7c12)
[2025-04-07T05:43:59.927Z] - バスケット金額:
[2025-04-07T05:43:59.928Z]   - バスケット 1: 0.328092149 TON
[2025-04-07T05:43:59.928Z]   - バスケット 2: 0.324698616 TON
[2025-04-07T05:43:59.928Z]   - バスケット 3: 0.347209235 TON
[2025-04-07T05:43:59.928Z] - 総送金額: 1 TON
[2025-04-07T05:43:59.928Z] - カスタム実装: タイムスタンプをクエリIDとして使用
[2025-04-07T05:43:59.928Z] - クエリID: 1744004639 (2025-04-07T05:43:59.000Z)
[2025-04-07T05:43:59.929Z] - メッセージボディ(HEX): b5ee9c7241010101001c0000333a8f7c120000000067f3661f4138e49f54135a81f8414b1fe1389096cafe
[2025-04-07T05:43:59.929Z] トランザクションを送信中...
[2025-04-07T05:44:12.005Z] トランザクション送信完了
[2025-04-07T05:44:12.005Z] Tonkeeperで確認後、トランザクションが承認されたはずです。
[2025-04-07T05:44:12.005Z] 
トランザクションを送信しました。テストネットエクスプローラーで結果を確認してください。
[2025-04-07T05:44:12.006Z] Vaultアドレス: EQBBAv347Sm1DPWXoQzAwpXGXq_DfApE0Zs1kOiJTbBGh5B7
[2025-04-07T05:44:12.006Z] https://testnet.tonscan.org/address/EQBBAv347Sm1DPWXoQzAwpXGXq_DfApE0Zs1kOiJTbBGh5B7
[2025-04-07T09:34:00.308Z] ===== Vault コントラクトメッセージテスト =====
[2025-04-07T09:34:18.718Z] Vaultコントラクトアドレス: EQBBAv347Sm1DPWXoQzAwpXGXq_DfApE0Zs1kOiJTbBGh5B7
[2025-04-07T09:34:18.719Z] 送信元ウォレットアドレス: EQAwUvvYnPpImBfrKl3-KRYh05aNrUKTGgcarTB_yzhAt1eh
[2025-04-07T09:34:23.121Z] 
コントラクトの重み付け情報に基づいて自動計算します。
[2025-04-07T09:34:23.122Z] 送金総額: 2 TON
[2025-04-07T09:34:24.467Z] 
===== デポジットメッセージ送信 =====
[2025-04-07T09:34:24.468Z] 
===== バスケット情報取得 =====
[2025-04-07T09:34:24.968Z] Vaultコントラクト状態: 実行中
[2025-04-07T09:34:24.969Z] DeDust TON Vaultアドレス: EQDa4VOnTYlLvDJ0gZjNYm5PXfSmmtL6Vs6A_CZEtXCNICq_
[2025-04-07T09:34:24.969Z] バスケット数: 3
[2025-04-07T09:34:24.969Z] 
バスケット 1 の情報:
[2025-04-07T09:34:24.969Z] 重み付け: 328092149
[2025-04-07T09:34:24.969Z] JettonWalletアドレス: EQApqkZN37PsZKXh9SgxJ1TyBlWlEIOkJvs2NUH-l-qv4j_B
[2025-04-07T09:34:24.970Z] DeDustプールアドレス: EQCHFiQM_TTSIiKhUCmWSN4aPSTqxJ4VSBEyDFaZ4izyq95Y
[2025-04-07T09:34:24.970Z] DeDust Jetton Vaultアドレス: EQAYqo4u7VF0fa4DPAebk4g9lBytj2VFny7pzXR0trjtXQaO
[2025-04-07T09:34:24.970Z] Jetton Masterアドレス: EQDNhy-nxYFgUqzfUzImBEP67JqsyMIcyk2S5_RwNNEYku0k
[2025-04-07T09:34:24.970Z] 
バスケット 2 の情報:
[2025-04-07T09:34:24.970Z] 重み付け: 324698616
[2025-04-07T09:34:24.970Z] JettonWalletアドレス: EQCGbbejHKBLx2L9f-BLkD8zxzU_vpWvp8n8Mw1GOF9s-c4z
[2025-04-07T09:34:24.970Z] DeDustプールアドレス: EQBWsAdyAg-8fs3G-m-eUBCXZuVaOldF5-tCMJBJzxQG7nLX
[2025-04-07T09:34:24.970Z] DeDust Jetton Vaultアドレス: EQCRjILmJD0ZD7y6POFyicCx20PoypkEwHJ64AMJ7vwkXGjm
[2025-04-07T09:34:24.970Z] Jetton Masterアドレス: EQDPdq8xjAhytYqfGSX8KcFWIReCufsB9Wdg0pLlYSO_h76w
[2025-04-07T09:34:24.970Z] 
バスケット 3 の情報:
[2025-04-07T09:34:24.971Z] 重み付け: 347209234
[2025-04-07T09:34:24.971Z] JettonWalletアドレス: EQAJBtS-N7WkQRfHytcOQiY0sj1DuYFgKR036_ViBWTrEB4j
[2025-04-07T09:34:24.971Z] DeDustプールアドレス: EQCfYrAZUFLwFhUHWvU63PS0FBIh5CePWEho6T2TDgoGok50
[2025-04-07T09:34:24.971Z] DeDust Jetton Vaultアドレス: EQBCbc0Yh06L98xloaIZvroIiZgA6pllMI0SBz3FsX69ATl3
[2025-04-07T09:34:24.971Z] Jetton Masterアドレス: EQAfF5j3JMIpZlLmACv7Ub7RH7WmiVMuV4ivcgNYHvNnqHTz
[2025-04-07T09:34:24.971Z] 
計算に使用するバスケット情報:
[2025-04-07T09:34:24.971Z] バスケット 1: 重み=328092149, 価格=10000000000, 小数点=9
[2025-04-07T09:34:24.971Z] バスケット 2: 重み=324698616, 価格=10000000000, 小数点=9
[2025-04-07T09:34:24.971Z] バスケット 3: 重み=347209234, 価格=10000000000, 小数点=9
[2025-04-07T09:34:24.972Z] 
重み付けに基づく自動計算結果:
[2025-04-07T09:34:24.972Z] INPUT: 3個のバスケットデポジット
[2025-04-07T09:34:24.972Z] - 操作: deposit
[2025-04-07T09:34:24.972Z] - 操作コード: 982481938 (0x3a8f7c12)
[2025-04-07T09:34:24.972Z] - バスケット金額:
[2025-04-07T09:34:24.972Z]   - バスケット 1: 0.656184298 TON
[2025-04-07T09:34:24.972Z]   - バスケット 2: 0.649397232 TON
[2025-04-07T09:34:24.972Z]   - バスケット 3: 0.69441847 TON
[2025-04-07T09:34:24.972Z] - 総送金額: 2 TON
[2025-04-07T09:34:24.972Z] - カスタム実装: タイムスタンプをクエリIDとして使用
[2025-04-07T09:34:24.972Z] - クエリID: 1744018464 (2025-04-07T09:34:24.000Z)
[2025-04-07T09:34:24.973Z] - メッセージボディ(HEX): b5ee9c7241010101001c0000333a8f7c120000000067f39c204271c93ea426b503f042963fc2685ff85965
[2025-04-07T09:34:24.973Z] トランザクションを送信中...
[2025-04-07T09:34:36.549Z] トランザクション送信完了
[2025-04-07T09:34:36.549Z] Tonkeeperで確認後、トランザクションが承認されたはずです。
[2025-04-07T09:34:36.550Z] 
トランザクションを送信しました。テストネットエクスプローラーで結果を確認してください。
[2025-04-07T09:34:36.550Z] Vaultアドレス: EQBBAv347Sm1DPWXoQzAwpXGXq_DfApE0Zs1kOiJTbBGh5B7
[2025-04-07T09:34:36.550Z] https://testnet.tonscan.org/address/EQBBAv347Sm1DPWXoQzAwpXGXq_DfApE0Zs1kOiJTbBGh5B7
[2025-04-07T09:38:06.358Z] ===== Vault コントラクトメッセージテスト =====
[2025-04-07T09:38:25.387Z] Vaultコントラクトアドレス: EQBBAv347Sm1DPWXoQzAwpXGXq_DfApE0Zs1kOiJTbBGh5B7
[2025-04-07T09:38:25.389Z] 送信元ウォレットアドレス: EQAwUvvYnPpImBfrKl3-KRYh05aNrUKTGgcarTB_yzhAt1eh
[2025-04-07T09:38:27.003Z] 
コントラクトの重み付け情報に基づいて自動計算します。
[2025-04-07T09:38:27.003Z] 送金総額: 10 TON
[2025-04-07T09:38:28.284Z] 
===== デポジットメッセージ送信 =====
[2025-04-07T09:38:28.285Z] 
===== バスケット情報取得 =====
[2025-04-07T09:38:29.104Z] Vaultコントラクト状態: 実行中
[2025-04-07T09:38:29.104Z] DeDust TON Vaultアドレス: EQDa4VOnTYlLvDJ0gZjNYm5PXfSmmtL6Vs6A_CZEtXCNICq_
[2025-04-07T09:38:29.105Z] バスケット数: 3
[2025-04-07T09:38:29.105Z] 
バスケット 1 の情報:
[2025-04-07T09:38:29.105Z] 重み付け: 328092149
[2025-04-07T09:38:29.105Z] JettonWalletアドレス: EQApqkZN37PsZKXh9SgxJ1TyBlWlEIOkJvs2NUH-l-qv4j_B
[2025-04-07T09:38:29.105Z] DeDustプールアドレス: EQCHFiQM_TTSIiKhUCmWSN4aPSTqxJ4VSBEyDFaZ4izyq95Y
[2025-04-07T09:38:29.106Z] DeDust Jetton Vaultアドレス: EQAYqo4u7VF0fa4DPAebk4g9lBytj2VFny7pzXR0trjtXQaO
[2025-04-07T09:38:29.106Z] Jetton Masterアドレス: EQDNhy-nxYFgUqzfUzImBEP67JqsyMIcyk2S5_RwNNEYku0k
[2025-04-07T09:38:29.106Z] 
バスケット 2 の情報:
[2025-04-07T09:38:29.106Z] 重み付け: 324698616
[2025-04-07T09:38:29.106Z] JettonWalletアドレス: EQCGbbejHKBLx2L9f-BLkD8zxzU_vpWvp8n8Mw1GOF9s-c4z
[2025-04-07T09:38:29.106Z] DeDustプールアドレス: EQBWsAdyAg-8fs3G-m-eUBCXZuVaOldF5-tCMJBJzxQG7nLX
[2025-04-07T09:38:29.106Z] DeDust Jetton Vaultアドレス: EQCRjILmJD0ZD7y6POFyicCx20PoypkEwHJ64AMJ7vwkXGjm
[2025-04-07T09:38:29.106Z] Jetton Masterアドレス: EQDPdq8xjAhytYqfGSX8KcFWIReCufsB9Wdg0pLlYSO_h76w
[2025-04-07T09:38:29.106Z] 
バスケット 3 の情報:
[2025-04-07T09:38:29.107Z] 重み付け: 347209234
[2025-04-07T09:38:29.107Z] JettonWalletアドレス: EQAJBtS-N7WkQRfHytcOQiY0sj1DuYFgKR036_ViBWTrEB4j
[2025-04-07T09:38:29.107Z] DeDustプールアドレス: EQCfYrAZUFLwFhUHWvU63PS0FBIh5CePWEho6T2TDgoGok50
[2025-04-07T09:38:29.107Z] DeDust Jetton Vaultアドレス: EQBCbc0Yh06L98xloaIZvroIiZgA6pllMI0SBz3FsX69ATl3
[2025-04-07T09:38:29.107Z] Jetton Masterアドレス: EQAfF5j3JMIpZlLmACv7Ub7RH7WmiVMuV4ivcgNYHvNnqHTz
[2025-04-07T09:38:29.107Z] 
計算に使用するバスケット情報:
[2025-04-07T09:38:29.107Z] バスケット 1: 重み=328092149, 価格=10000000000, 小数点=9
[2025-04-07T09:38:29.107Z] バスケット 2: 重み=324698616, 価格=10000000000, 小数点=9
[2025-04-07T09:38:29.107Z] バスケット 3: 重み=347209234, 価格=10000000000, 小数点=9
[2025-04-07T09:38:29.107Z] 
重み付けに基づく自動計算結果:
[2025-04-07T09:38:29.107Z] INPUT: 3個のバスケットデポジット
[2025-04-07T09:38:29.107Z] - 操作: deposit
[2025-04-07T09:38:29.108Z] - 操作コード: 982481938 (0x3a8f7c12)
[2025-04-07T09:38:29.108Z] - バスケット金額:
[2025-04-07T09:38:29.108Z]   - バスケット 1: 3.280921493 TON
[2025-04-07T09:38:29.108Z]   - バスケット 2: 3.246986163 TON
[2025-04-07T09:38:29.108Z]   - バスケット 3: 3.472092344 TON
[2025-04-07T09:38:29.108Z] - 総送金額: 10 TON
[2025-04-07T09:38:29.108Z] - カスタム実装: タイムスタンプをクエリIDとして使用
[2025-04-07T09:38:29.109Z] - クエリID: 1744018709 (2025-04-07T09:38:29.000Z)
[2025-04-07T09:38:29.109Z] - メッセージボディ(HEX): b5ee9c7241010101001c0000333a8f7c120000000067f39d154c38ee3954c18913b34cef3ecb889be96380
[2025-04-07T09:38:29.109Z] トランザクションを送信中...
[2025-04-07T09:38:39.933Z] トランザクション送信完了
[2025-04-07T09:38:39.933Z] Tonkeeperで確認後、トランザクションが承認されたはずです。
[2025-04-07T09:38:39.933Z] 
トランザクションを送信しました。テストネットエクスプローラーで結果を確認してください。
[2025-04-07T09:38:39.934Z] Vaultアドレス: EQBBAv347Sm1DPWXoQzAwpXGXq_DfApE0Zs1kOiJTbBGh5B7
[2025-04-07T09:38:39.934Z] https://testnet.tonscan.org/address/EQBBAv347Sm1DPWXoQzAwpXGXq_DfApE0Zs1kOiJTbBGh5B7
